<?xml version="1.0" encoding="UTF-8"?>
<!-- Generated by org.testng.reporters.JUnitReportReporter -->
<testsuite hostname="pradippa-gift" failures="0" tests="1" name="APITests.PostRequestTests" time="0.398" errors="0" timestamp="2024-04-26T18:55:10 IST" skipped="0">
  <testcase classname="APITests.PostRequestTests" name="register_user" time="0.398"/>
</testsuite> <!-- APITests.PostRequestTests -->
