<?xml version="1.0" encoding="UTF-8"?>
<!-- Generated by org.testng.reporters.JUnitReportReporter -->
<testsuite hostname="pradippa-gift" failures="0" tests="1" name="APITests.GetRequestTests" time="0.130" errors="0" timestamp="2024-04-26T18:55:10 IST" skipped="0">
  <testcase classname="APITests.GetRequestTests" name="get_single_user" time="0.130"/>
</testsuite> <!-- APITests.GetRequestTests -->
