<?xml version="1.0" encoding="UTF-8"?>
<!-- Generated by org.testng.reporters.JUnitReportReporter -->
<testsuite hostname="DESKTOP-H3EMGOI" failures="0" tests="1" name="APITests.PostRequestTests" time="0.579" errors="0" timestamp="2024-04-27T17:46:52 IST" skipped="0">
  <testcase classname="APITests.PostRequestTests" name="register_user" time="0.579"/>
</testsuite> <!-- APITests.PostRequestTests -->
