<?xml version="1.0" encoding="UTF-8"?>
<!-- Generated by org.testng.reporters.JUnitReportReporter -->
<testsuite hostname="DESKTOP-H3EMGOI" failures="0" tests="1" name="APITests.GetRequestTests" time="0.322" errors="0" timestamp="2024-04-27T17:46:52 IST" skipped="0">
  <testcase classname="APITests.GetRequestTests" name="get_single_user" time="0.322"/>
</testsuite> <!-- APITests.GetRequestTests -->
