<?xml version="1.0" encoding="UTF-8"?>
<!-- Generated by org.testng.reporters.JUnitReportReporter -->
<testsuite hostname="DESKTOP-H3EMGOI" failures="0" tests="1" name="APITests.PutRequestTests" time="5.862" errors="0" timestamp="2024-04-27T17:46:52 IST" skipped="0">
  <testcase classname="APITests.PutRequestTests" name="create_user" time="5.862"/>
</testsuite> <!-- APITests.PutRequestTests -->
